Arguments: 
  C:\Users\DIO\AppData\Roaming\nvm\nodejs\node.exe C:\Program Files (x86)\Yarn\bin\yarn.js add @vite-pwa/vitepress

PATH: 
  C:\Program Files\Java\jdk-18.0.2.1\bin;C:\Program Files (x86)\Common Files\Intel\Shared Libraries\redist\intel64\compiler;C:\Program Files (x86)\Common Files\Oracle\Java\javapath;C:\Windows\system32;C:\Windows;C:\Windows\System32\Wbem;C:\Windows\System32\WindowsPowerShell\v1.0\;C:\Windows\System32\OpenSSH\;C:\Program Files\NVIDIA Corporation\NVIDIA NvDLISR;C:\Program Files (x86)\NVIDIA Corporation\PhysX\Common;C:\Program Files\dotnet\;C:\Program Files\IBM\SPSS\Statistics\25\JRE\bin;c:\altera\91\quartus\bin;C:\Program Files\Java\jdk-18.0.2.1\bin;C:\Program Files\MySQL\MySQL Server 8.0\bin;C:\Program Files (x86)\Tencent\微信web开发者工具\dll;C:\Program Files\Git\cmd;C:\Program Files\apache-tomcat-8.5.87\bin;C:\Program Files (x86)\Microsoft SQL Server\160\Tools\Binn\;C:\Program Files\Microsoft SQL Server\160\Tools\Binn\;C:\Program Files\Microsoft SQL Server\Client SDK\ODBC\170\Tools\Binn\;C:\Program Files\Microsoft SQL Server\160\DTS\Binn\;C:\Program Files (x86)\Microsoft SQL Server\160\DTS\Binn\;C:\Program Files\Azure Data Studio\bin;C:\Program Files\apache-maven-3.8.6\bin;C:\Program Files (x86)\Yarn\bin\;C:\Users\DIO\AppData\Roaming\nvm;C:\Users\DIO\AppData\Roaming\nvm\nodejs;G:\Program Files\ffmpeg-6.0-essentials_build\bin;C:\Program Files\MySQL\MySQL Shell 8.0\bin\;C:\Users\DIO\AppData\Local\Microsoft\WindowsApps;C:\Program Files\Bandizip\;C:\Users\DIO\AppData\Local\Programs\Microsoft VS Code\bin;C:\Program Files (x86)\Dev-Cpp\MinGW32\bin;C:\Program Files\JetBrains\IntelliJ IDEA Community Edition 2021.2.3\bin;;C:\Program Files (x86)\Tencent\QQGameTempest\Hall.57915\;C:\Program Files\Azure Data Studio\bin;C:\Program Files\apache-maven-3.8.6\bin;C:\Program Files\JetBrains\PyCharm 2023.1\bin;;C:\Program Files\JetBrains\IntelliJ IDEA 2023.2.1\bin;;C:\Users\DIO\AppData\Local\Yarn\bin;G:\Program Files\Anaconda3;G:\Program Files\Anaconda3\Scripts;G:\Program Files\Anaconda3\Library\bin;G:\Program Files\Anaconda3\Library\mingw-w64\bin;G:\Program Files\Anaconda3\Library\usr\bin;C:\Users\DIO\AppData\Roaming\nvm;C:\Users\DIO\AppData\Roaming\nvm\nodejs;

Yarn version: 
  1.22.19

Node version: 
  20.12.0

Platform: 
  win32 x64

Trace: 
  Error: certificate has expired
      at TLSSocket.onConnectSecure (node:_tls_wrap:1674:34)
      at TLSSocket.emit (node:events:518:28)
      at TLSSocket._finishInit (node:_tls_wrap:1085:8)
      at ssl.onhandshakedone (node:_tls_wrap:871:12)

npm manifest: 
  {
    "scripts": {
      "docs:dev": "vitepress dev docs",
      "docs:build": "vitepress build docs",
      "docs:preview": "vitepress preview docs"
    },
    "devDependencies": {
      "vitepress": "^1.0.1"
    }
  }

yarn manifest: 
  No manifest

Lockfile: 
  No lockfile
